
> server
> npm run clear:server && nodemon --config nodemon.json


> clear:server
> rm -rf server{/**/*,/**}.{js,d.ts,js.map,tsbuildinfo}

[33m[nodemon] 2.0.22[39m
[33m[nodemon] reading config ./nodemon.json[39m
[33m[nodemon] to restart at any time, enter `rs`[39m
[33m[nodemon] or send SIGHUP to 37535 to restart[39m
[33m[nodemon] ignoring: ./src/**/* ./node_modules/**/* mockData build/**/* log/**/*[39m
[33m[nodemon] watching path(s): server/**/*[39m
[33m[nodemon] watching extensions: ts,js[39m
[32m[nodemon] starting `ts-node --project server/tsconfig.json --files server/main.ts`[39m
[33m[nodemon] spawning[39m
[33m[nodemon] child pid: 37554[39m
[33m[nodemon] watching 47 files[39m
[32m[Nest] 37554  - [39m2025/06/29 03:41:37 [32m    LOG[39m [38;5;3m[NestFactory] [39m[32mStarting Nest application...[39m
[32m[Nest] 37554  - [39m2025/06/29 03:41:37 [32m    LOG[39m [38;5;3m[InstanceLoader] [39m[32mAppModule dependencies initialized[39m[38;5;3m +24ms[39m
[32m[Nest] 37554  - [39m2025/06/29 03:41:37 [32m    LOG[39m [38;5;3m[InstanceLoader] [39m[32mTypeOrmModule dependencies initialized[39m[38;5;3m +0ms[39m
[32m[Nest] 37554  - [39m2025/06/29 03:41:37 [32m    LOG[39m [38;5;3m[InstanceLoader] [39m[32mTypeOrmCoreModule dependencies initialized[39m[38;5;3m +603ms[39m
[32m[Nest] 37554  - [39m2025/06/29 03:41:37 [32m    LOG[39m [38;5;3m[InstanceLoader] [39m[32mTypeOrmModule dependencies initialized[39m[38;5;3m +0ms[39m
[32m[Nest] 37554  - [39m2025/06/29 03:41:37 [32m    LOG[39m [38;5;3m[InstanceLoader] [39m[32mTypeOrmModule dependencies initialized[39m[38;5;3m +0ms[39m
[32m[Nest] 37554  - [39m2025/06/29 03:41:37 [32m    LOG[39m [38;5;3m[InstanceLoader] [39m[32mTestModule dependencies initialized[39m[38;5;3m +1ms[39m
[32m[Nest] 37554  - [39m2025/06/29 03:41:37 [32m    LOG[39m [38;5;3m[InstanceLoader] [39m[32mRoomModule dependencies initialized[39m[38;5;3m +0ms[39m
[32m[Nest] 37554  - [39m2025/06/29 03:41:37 [32m    LOG[39m [38;5;3m[RoutesResolver] [39m[32mTestController {/test}:[39m[38;5;3m +6ms[39m
[32m[Nest] 37554  - [39m2025/06/29 03:41:37 [32m    LOG[39m [38;5;3m[RouterExplorer] [39m[32mMapped {/test, GET} route[39m[38;5;3m +1ms[39m
[32m[Nest] 37554  - [39m2025/06/29 03:41:37 [32m    LOG[39m [38;5;3m[RouterExplorer] [39m[32mMapped {/test/findOne, GET} route[39m[38;5;3m +0ms[39m
[32m[Nest] 37554  - [39m2025/06/29 03:41:37 [32m    LOG[39m [38;5;3m[RoutesResolver] [39m[32mRoomController {/api/room}:[39m[38;5;3m +0ms[39m
[32m[Nest] 37554  - [39m2025/06/29 03:41:37 [32m    LOG[39m [38;5;3m[RouterExplorer] [39m[32mMapped {/api/room/create, POST} route[39m[38;5;3m +0ms[39m
[32m[Nest] 37554  - [39m2025/06/29 03:41:37 [32m    LOG[39m [38;5;3m[RouterExplorer] [39m[32mMapped {/api/room/info/:roomCode, GET} route[39m[38;5;3m +1ms[39m
[32m[Nest] 37554  - [39m2025/06/29 03:41:37 [32m    LOG[39m [38;5;3m[RouterExplorer] [39m[32mMapped {/api/room/records/:roomCode, GET} route[39m[38;5;3m +0ms[39m
[32m[Nest] 37554  - [39m2025/06/29 03:41:37 [32m    LOG[39m [38;5;3m[RouterExplorer] [39m[32mMapped {/api/room/join, POST} route[39m[38;5;3m +0ms[39m
[32m[Nest] 37554  - [39m2025/06/29 03:41:37 [32m    LOG[39m [38;5;3m[RouterExplorer] [39m[32mMapped {/api/room/activities/:roomCode, GET} route[39m[38;5;3m +0ms[39m
[32m[Nest] 37554  - [39m2025/06/29 03:41:37 [32m    LOG[39m [38;5;3m[RouterExplorer] [39m[32mMapped {/api/room/updateNickname, POST} route[39m[38;5;3m +0ms[39m
[32m[Nest] 37554  - [39m2025/06/29 03:41:37 [32m    LOG[39m [38;5;3m[RouterExplorer] [39m[32mMapped {/api/room/addExpense, POST} route[39m[38;5;3m +0ms[39m
[32m[Nest] 37554  - [39m2025/06/29 03:41:37 [32m    LOG[39m [38;5;3m[RouterExplorer] [39m[32mMapped {/api/room/leave, POST} route[39m[38;5;3m +0ms[39m
[32m[Nest] 37554  - [39m2025/06/29 03:41:37 [32m    LOG[39m [38;5;3m[RouterExplorer] [39m[32mMapped {/api/room/:roomCode/events, GET} route[39m[38;5;3m +0ms[39m
[32m[Nest] 37554  - [39m2025/06/29 03:41:37 [32m    LOG[39m [38;5;3m[NestApplication] [39m[32mNest application successfully started[39m[38;5;3m +1ms[39m
server服务已启动，服务器网址：http://localhost:6015
[33m[nodemon] exiting[39m
node:events:485
      throw er; // Unhandled 'error' event
      ^

Error: read EIO
    at TTY.onStreamRead (node:internal/stream_base_commons:216:20)
Emitted 'error' event on ReadStream instance at:
    at emitErrorNT (node:internal/streams/destroy:170:8)
    at emitErrorCloseNT (node:internal/streams/destroy:129:3)
    at process.processTicksAndRejections (node:internal/process/task_queues:90:21) {
  errno: -5,
  code: 'EIO',
  syscall: 'read'
}

Node.js v23.9.0
